<?xml version="1.0" encoding="UTF-8"?>
<!-- Generated by org.testng.reporters.JUnitReportReporter -->
<testsuite skipped="0" hostname="LAPTOP-IP1N18FF" name="MagentoTest" tests="1" failures="0" timestamp="21 Jan 2019 14:00:44 GMT" time="73.990" errors="0">
  <testcase name="magento" time="73.990" classname="MagentoTest"/>
</testsuite> <!-- MagentoTest -->
