<?xml version="1.0" encoding="UTF-8"?>
<!-- Generated by org.testng.reporters.JUnitReportReporter -->
<testsuite skipped="0" hostname="LAPTOP-IP1N18FF" name="MagentoTest" tests="1" failures="0" timestamp="22 Jan 2019 08:22:02 GMT" time="92.723" errors="0">
  <testcase name="magento" time="92.723" classname="MagentoTest"/>
</testsuite> <!-- MagentoTest -->
